# JRE version: Java(TM) SE Runtime Environment (17.0.14+8) (build 17.0.14+8-LTS-191)
# Java VM: Java HotSpot(TM) 64-Bit Server VM (17.0.14+8-LTS-191, mixed mode, sharing, tiered, compressed oops, compressed class ptrs, g1 gc, windows-amd64)
GC Precious Log:
 CPUs: 8 total, 8 available
 Memory: 8071M
 Large Page Support: Disabled
 NUMA Support: Disabled
 Compressed Oops: Enabled (Zero based)
 Heap Region Size: 4M
 Heap Min Capacity: 8M
 Heap Initial Capacity: 128M
 Heap Max Capacity: 8G
 Pre-touch: Disabled
 Parallel Workers: 8
 Concurrent Workers: 2
 Concurrent Refinement Workers: 8
 Periodic GC: Disabled
Heap:
 garbage-first heap   total 688128K, used 193236K [0x0000000600000000, 0x0000000800000000)
  region size 4096K, 5 young (20480K), 5 survivors (20480K)
 Metaspace       used 132097K, committed 133888K, reserved 1179648K
  class space    used 18015K, committed 18944K, reserved 1048576K
GC Heap History (20 events):
Event: 58.854 GC heap after
{Heap after GC invocations=61 (full 0):
 garbage-first heap   total 315392K, used 174014K [0x0000000600000000, 0x0000000800000000)
  region size 4096K, 2 young (8192K), 2 survivors (8192K)
 Metaspace       used 118938K, committed 120128K, reserved 1179648K
  class space    used 16520K, committed 17088K, reserved 1048576K
}
Event: 60.121 GC heap before
{Heap before GC invocations=62 (full 0):
 garbage-first heap   total 323584K, used 260030K [0x0000000600000000, 0x0000000800000000)
  region size 4096K, 23 young (94208K), 2 survivors (8192K)
 Metaspace       used 119143K, committed 120256K, reserved 1179648K
  class space    used 16532K, committed 17088K, reserved 1048576K
}
Event: 60.134 GC heap after
{Heap after GC invocations=63 (full 0):
 garbage-first heap   total 323584K, used 180342K [0x0000000600000000, 0x0000000800000000)
  region size 4096K, 2 young (8192K), 2 survivors (8192K)
 Metaspace       used 119143K, committed 120256K, reserved 1179648K
  class space    used 16532K, committed 17088K, reserved 1048576K
}
Event: 60.146 GC heap before
{Heap before GC invocations=63 (full 0):
 garbage-first heap   total 323584K, used 184438K [0x0000000600000000, 0x0000000800000000)
  region size 4096K, 3 young (12288K), 2 survivors (8192K)
 Metaspace       used 119143K, committed 120256K, reserved 1179648K
  class space    used 16532K, committed 17088K, reserved 1048576K
}
Event: 60.170 GC heap after
{Heap after GC invocations=64 (full 0):
 garbage-first heap   total 688128K, used 164266K [0x0000000600000000, 0x0000000800000000)
  region size 4096K, 1 young (4096K), 1 survivors (4096K)
 Metaspace       used 119143K, committed 120256K, reserved 1179648K
  class space    used 16532K, committed 17088K, reserved 1048576K
}
Event: 60.404 GC heap before
{Heap before GC invocations=64 (full 0):
 garbage-first heap   total 688128K, used 192938K [0x0000000600000000, 0x0000000800000000)
  region size 4096K, 8 young (32768K), 1 survivors (4096K)
 Metaspace       used 119201K, committed 120320K, reserved 1179648K
  class space    used 16536K, committed 17088K, reserved 1048576K
}
Event: 60.414 GC heap after
{Heap after GC invocations=65 (full 0):
 garbage-first heap   total 688128K, used 165385K [0x0000000600000000, 0x0000000800000000)
  region size 4096K, 1 young (4096K), 1 survivors (4096K)
 Metaspace       used 119201K, committed 120320K, reserved 1179648K
  class space    used 16536K, committed 17088K, reserved 1048576K
}
Event: 64.981 GC heap before
{Heap before GC invocations=65 (full 0):
 garbage-first heap   total 688128K, used 566793K [0x0000000600000000, 0x0000000800000000)
  region size 4096K, 99 young (405504K), 1 survivors (4096K)
 Metaspace       used 120013K, committed 121216K, reserved 1179648K
  class space    used 16578K, committed 17152K, reserved 1048576K
}
Event: 65.094 GC heap after
{Heap after GC invocations=66 (full 0):
 garbage-first heap   total 688128K, used 193602K [0x0000000600000000, 0x0000000800000000)
  region size 4096K, 8 young (32768K), 8 survivors (32768K)
 Metaspace       used 120013K, committed 121216K, reserved 1179648K
  class space    used 16578K, committed 17152K, reserved 1048576K
}
Event: 72.984 GC heap before
{Heap before GC invocations=66 (full 0):
 garbage-first heap   total 688128K, used 529474K [0x0000000600000000, 0x0000000800000000)
  region size 4096K, 90 young (368640K), 8 survivors (32768K)
 Metaspace       used 120854K, committed 122240K, reserved 1179648K
  class space    used 16658K, committed 17344K, reserved 1048576K
}
Event: 73.025 GC heap after
{Heap after GC invocations=67 (full 0):
 garbage-first heap   total 688128K, used 179422K [0x0000000600000000, 0x0000000800000000)
  region size 4096K, 2 young (8192K), 2 survivors (8192K)
 Metaspace       used 120854K, committed 122240K, reserved 1179648K
  class space    used 16658K, committed 17344K, reserved 1048576K
}
Event: 76.559 GC heap before
{Heap before GC invocations=67 (full 0):
 garbage-first heap   total 688128K, used 543966K [0x0000000600000000, 0x0000000800000000)
  region size 4096K, 91 young (372736K), 2 survivors (8192K)
 Metaspace       used 121345K, committed 122688K, reserved 1179648K
  class space    used 16663K, committed 17344K, reserved 1048576K
}
Event: 76.565 GC heap after
{Heap after GC invocations=68 (full 0):
 garbage-first heap   total 688128K, used 177450K [0x0000000600000000, 0x0000000800000000)
  region size 4096K, 2 young (8192K), 2 survivors (8192K)
 Metaspace       used 121345K, committed 122688K, reserved 1179648K
  class space    used 16663K, committed 17344K, reserved 1048576K
}
Event: 2339.312 GC heap before
{Heap before GC invocations=68 (full 0):
 garbage-first heap   total 688128K, used 558378K [0x0000000600000000, 0x0000000800000000)
  region size 4096K, 96 young (393216K), 2 survivors (8192K)
 Metaspace       used 122464K, committed 123840K, reserved 1179648K
  class space    used 16778K, committed 17472K, reserved 1048576K
}
Event: 2339.448 GC heap after
{Heap after GC invocations=69 (full 0):
 garbage-first heap   total 688128K, used 179208K [0x0000000600000000, 0x0000000800000000)
  region size 4096K, 2 young (8192K), 2 survivors (8192K)
 Metaspace       used 122464K, committed 123840K, reserved 1179648K
  class space    used 16778K, committed 17472K, reserved 1048576K
}
Event: 2350.681 GC heap before
{Heap before GC invocations=69 (full 0):
 garbage-first heap   total 688128K, used 556040K [0x0000000600000000, 0x0000000800000000)
  region size 4096K, 94 young (385024K), 2 survivors (8192K)
 Metaspace       used 123526K, committed 125248K, reserved 1179648K
  class space    used 16932K, committed 17792K, reserved 1048576K
}
Event: 2350.718 GC heap after
{Heap after GC invocations=70 (full 0):
 garbage-first heap   total 688128K, used 183702K [0x0000000600000000, 0x0000000800000000)
  region size 4096K, 3 young (12288K), 3 survivors (12288K)
 Metaspace       used 123526K, committed 125248K, reserved 1179648K
  class space    used 16932K, committed 17792K, reserved 1048576K
}
Event: 2355.644 GC heap before
{Heap before GC invocations=70 (full 0):
 garbage-first heap   total 688128K, used 572822K [0x0000000600000000, 0x0000000800000000)
  region size 4096K, 98 young (401408K), 3 survivors (12288K)
 Metaspace       used 124259K, committed 126016K, reserved 1179648K
  class space    used 17007K, committed 17920K, reserved 1048576K
}
Event: 2355.746 GC heap after
{Heap after GC invocations=71 (full 0):
 garbage-first heap   total 688128K, used 189790K [0x0000000600000000, 0x0000000800000000)
  region size 4096K, 5 young (20480K), 5 survivors (20480K)
 Metaspace       used 124259K, committed 126016K, reserved 1179648K
  class space    used 17007K, committed 17920K, reserved 1048576K
}
Event: 2363.863 GC heap before
{Heap before GC invocations=71 (full 0):
 garbage-first heap   total 688128K, used 566622K [0x0000000600000000, 0x0000000800000000)
  region size 4096K, 97 young (397312K), 5 survivors (20480K)
 Metaspace       used 132097K, committed 133888K, reserved 1179648K
  class space    used 18015K, committed 18944K, reserved 1048576K
}

