# JRE version: Java(TM) SE Runtime Environment (17.0.14+8) (build 17.0.14+8-LTS-191)
# Java VM: Java HotSpot(TM) 64-Bit Server VM (17.0.14+8-LTS-191, mixed mode, sharing, tiered, compressed oops, compressed class ptrs, g1 gc, windows-amd64)
GC Precious Log:
 CPUs: 8 total, 8 available
 Memory: 8071M
 Large Page Support: Disabled
 NUMA Support: Disabled
 Compressed Oops: Enabled (Zero based)
 Heap Region Size: 4M
 Heap Min Capacity: 8M
 Heap Initial Capacity: 128M
 Heap Max Capacity: 8G
 Pre-touch: Disabled
 Parallel Workers: 8
 Concurrent Workers: 2
 Concurrent Refinement Workers: 8
 Periodic GC: Disabled
Heap:
 garbage-first heap   total 1015808K, used 276829K [0x0000000600000000, 0x0000000800000000)
  region size 4096K, 13 young (53248K), 4 survivors (16384K)
 Metaspace       used 168519K, committed 170176K, reserved 1245184K
  class space    used 22647K, committed 23424K, reserved 1048576K
GC Heap History (20 events):
Event: 62.744 GC heap before
{Heap before GC invocations=54 (full 0):
 garbage-first heap   total 507904K, used 395396K [0x0000000600000000, 0x0000000800000000)
  region size 4096K, 67 young (274432K), 1 survivors (4096K)
 Metaspace       used 107533K, committed 108672K, reserved 1179648K
  class space    used 15127K, committed 15680K, reserved 1048576K
}
Event: 62.760 GC heap after
{Heap after GC invocations=55 (full 0):
 garbage-first heap   total 507904K, used 153178K [0x0000000600000000, 0x0000000800000000)
  region size 4096K, 7 young (28672K), 7 survivors (28672K)
 Metaspace       used 107533K, committed 108672K, reserved 1179648K
  class space    used 15127K, committed 15680K, reserved 1048576K
}
Event: 65.791 GC heap before
{Heap before GC invocations=55 (full 0):
 garbage-first heap   total 507904K, used 374362K [0x0000000600000000, 0x0000000800000000)
  region size 4096K, 61 young (249856K), 7 survivors (28672K)
 Metaspace       used 116886K, committed 118144K, reserved 1179648K
  class space    used 16405K, committed 17024K, reserved 1048576K
}
Event: 65.827 GC heap after
{Heap after GC invocations=56 (full 0):
 garbage-first heap   total 507904K, used 168133K [0x0000000600000000, 0x0000000800000000)
  region size 4096K, 4 young (16384K), 4 survivors (16384K)
 Metaspace       used 116886K, committed 118144K, reserved 1179648K
  class space    used 16405K, committed 17024K, reserved 1048576K
}
Event: 68.813 GC heap before
{Heap before GC invocations=56 (full 0):
 garbage-first heap   total 507904K, used 389317K [0x0000000600000000, 0x0000000800000000)
  region size 4096K, 58 young (237568K), 4 survivors (16384K)
 Metaspace       used 117667K, committed 118976K, reserved 1179648K
  class space    used 16446K, committed 17088K, reserved 1048576K
}
Event: 68.844 GC heap after
{Heap after GC invocations=57 (full 0):
 garbage-first heap   total 507904K, used 185592K [0x0000000600000000, 0x0000000800000000)
  region size 4096K, 8 young (32768K), 8 survivors (32768K)
 Metaspace       used 117667K, committed 118976K, reserved 1179648K
  class space    used 16446K, committed 17088K, reserved 1048576K
}
Event: 71.652 GC heap before
{Heap before GC invocations=57 (full 0):
 garbage-first heap   total 507904K, used 398584K [0x0000000600000000, 0x0000000800000000)
  region size 4096K, 60 young (245760K), 8 survivors (32768K)
 Metaspace       used 118202K, committed 119488K, reserved 1179648K
  class space    used 16465K, committed 17152K, reserved 1048576K
}
Event: 71.678 GC heap after
{Heap after GC invocations=58 (full 0):
 garbage-first heap   total 507904K, used 180529K [0x0000000600000000, 0x0000000800000000)
  region size 4096K, 3 young (12288K), 3 survivors (12288K)
 Metaspace       used 118202K, committed 119488K, reserved 1179648K
  class space    used 16465K, committed 17152K, reserved 1048576K
}
Event: 73.731 GC heap before
{Heap before GC invocations=58 (full 0):
 garbage-first heap   total 507904K, used 405809K [0x0000000600000000, 0x0000000800000000)
  region size 4096K, 58 young (237568K), 3 survivors (12288K)
 Metaspace       used 118919K, committed 120256K, reserved 1179648K
  class space    used 16520K, committed 17216K, reserved 1048576K
}
Event: 73.737 GC heap after
{Heap after GC invocations=59 (full 0):
 garbage-first heap   total 507904K, used 173871K [0x0000000600000000, 0x0000000800000000)
  region size 4096K, 2 young (8192K), 2 survivors (8192K)
 Metaspace       used 118919K, committed 120256K, reserved 1179648K
  class space    used 16520K, committed 17216K, reserved 1048576K
}
Event: 77.612 GC heap before
{Heap before GC invocations=59 (full 0):
 garbage-first heap   total 507904K, used 403247K [0x0000000600000000, 0x0000000800000000)
  region size 4096K, 59 young (241664K), 2 survivors (8192K)
 Metaspace       used 119245K, committed 120704K, reserved 1179648K
  class space    used 16539K, committed 17280K, reserved 1048576K
}
Event: 77.631 GC heap after
{Heap after GC invocations=60 (full 0):
 garbage-first heap   total 507904K, used 185498K [0x0000000600000000, 0x0000000800000000)
  region size 4096K, 5 young (20480K), 5 survivors (20480K)
 Metaspace       used 119245K, committed 120704K, reserved 1179648K
  class space    used 16539K, committed 17280K, reserved 1048576K
}
Event: 85.132 GC heap before
{Heap before GC invocations=60 (full 0):
 garbage-first heap   total 507904K, used 406682K [0x0000000600000000, 0x0000000800000000)
  region size 4096K, 59 young (241664K), 5 survivors (20480K)
 Metaspace       used 121234K, committed 122752K, reserved 1179648K
  class space    used 16765K, committed 17536K, reserved 1048576K
}
Event: 85.146 GC heap after
{Heap after GC invocations=61 (full 0):
 garbage-first heap   total 507904K, used 178422K [0x0000000600000000, 0x0000000800000000)
  region size 4096K, 3 young (12288K), 3 survivors (12288K)
 Metaspace       used 121234K, committed 122752K, reserved 1179648K
  class space    used 16765K, committed 17536K, reserved 1048576K
}
Event: 87.937 GC heap before
{Heap before GC invocations=61 (full 0):
 garbage-first heap   total 507904K, used 411894K [0x0000000600000000, 0x0000000800000000)
  region size 4096K, 60 young (245760K), 3 survivors (12288K)
 Metaspace       used 135743K, committed 137344K, reserved 1179648K
  class space    used 19006K, committed 19776K, reserved 1048576K
}
Event: 87.958 GC heap after
{Heap after GC invocations=62 (full 0):
 garbage-first heap   total 507904K, used 190230K [0x0000000600000000, 0x0000000800000000)
  region size 4096K, 6 young (24576K), 6 survivors (24576K)
 Metaspace       used 135743K, committed 137344K, reserved 1179648K
  class space    used 19006K, committed 19776K, reserved 1048576K
}
Event: 90.780 GC heap before
{Heap before GC invocations=62 (full 0):
 garbage-first heap   total 507904K, used 427798K [0x0000000600000000, 0x0000000800000000)
  region size 4096K, 60 young (245760K), 6 survivors (24576K)
 Metaspace       used 149135K, committed 150720K, reserved 1179648K
  class space    used 20392K, committed 21184K, reserved 1048576K
}
Event: 90.830 GC heap after
{Heap after GC invocations=63 (full 0):
 garbage-first heap   total 507904K, used 227486K [0x0000000600000000, 0x0000000800000000)
  region size 4096K, 8 young (32768K), 8 survivors (32768K)
 Metaspace       used 149135K, committed 150720K, reserved 1179648K
  class space    used 20392K, committed 21184K, reserved 1048576K
}
Event: 96.054 GC heap before
{Heap before GC invocations=63 (full 0):
 garbage-first heap   total 507904K, used 407710K [0x0000000600000000, 0x0000000800000000)
  region size 4096K, 52 young (212992K), 8 survivors (32768K)
 Metaspace       used 163591K, committed 165248K, reserved 1245184K
  class space    used 22061K, committed 22848K, reserved 1048576K
}
Event: 96.138 GC heap after
{Heap after GC invocations=64 (full 0):
 garbage-first heap   total 1015808K, used 244061K [0x0000000600000000, 0x0000000800000000)
  region size 4096K, 4 young (16384K), 4 survivors (16384K)
 Metaspace       used 163591K, committed 165248K, reserved 1245184K
  class space    used 22061K, committed 22848K, reserved 1048576K
}

