# JRE version: Java(TM) SE Runtime Environment (17.0.14+8) (build 17.0.14+8-LTS-191)
# Java VM: Java HotSpot(TM) 64-Bit Server VM (17.0.14+8-LTS-191, mixed mode, sharing, tiered, compressed oops, compressed class ptrs, g1 gc, windows-amd64)
GC Precious Log:
 CPUs: 8 total, 8 available
 Memory: 8071M
 Large Page Support: Disabled
 NUMA Support: Disabled
 Compressed Oops: Enabled (Zero based)
 Heap Region Size: 4M
 Heap Min Capacity: 8M
 Heap Initial Capacity: 128M
 Heap Max Capacity: 8G
 Pre-touch: Disabled
 Parallel Workers: 8
 Concurrent Workers: 2
 Concurrent Refinement Workers: 8
 Periodic GC: Disabled
Heap:
 garbage-first heap   total 557056K, used 268505K [0x0000000600000000, 0x0000000800000000)
  region size 4096K, 22 young (90112K), 6 survivors (24576K)
 Metaspace       used 122300K, committed 123648K, reserved 1179648K
  class space    used 16788K, committed 17472K, reserved 1048576K
GC Heap History (20 events):
Event: 42.596 GC heap before
{Heap before GC invocations=59 (full 0):
 garbage-first heap   total 307200K, used 219194K [0x0000000600000000, 0x0000000800000000)
  region size 4096K, 17 young (69632K), 3 survivors (12288K)
 Metaspace       used 116902K, committed 118016K, reserved 1179648K
  class space    used 16308K, committed 16832K, reserved 1048576K
}
Event: 42.607 GC heap after
{Heap after GC invocations=60 (full 0):
 garbage-first heap   total 307200K, used 165139K [0x0000000600000000, 0x0000000800000000)
  region size 4096K, 3 young (12288K), 3 survivors (12288K)
 Metaspace       used 116902K, committed 118016K, reserved 1179648K
  class space    used 16308K, committed 16832K, reserved 1048576K
}
Event: 42.682 GC heap before
{Heap before GC invocations=60 (full 0):
 garbage-first heap   total 307200K, used 169235K [0x0000000600000000, 0x0000000800000000)
  region size 4096K, 4 young (16384K), 3 survivors (12288K)
 Metaspace       used 117044K, committed 118080K, reserved 1179648K
  class space    used 16334K, committed 16832K, reserved 1048576K
}
Event: 42.696 GC heap after
{Heap after GC invocations=61 (full 0):
 garbage-first heap   total 368640K, used 164231K [0x0000000600000000, 0x0000000800000000)
  region size 4096K, 1 young (4096K), 1 survivors (4096K)
 Metaspace       used 117044K, committed 118080K, reserved 1179648K
  class space    used 16334K, committed 16832K, reserved 1048576K
}
Event: 54.785 GC heap before
{Heap before GC invocations=61 (full 0):
 garbage-first heap   total 368640K, used 295303K [0x0000000600000000, 0x0000000800000000)
  region size 4096K, 33 young (135168K), 1 survivors (4096K)
 Metaspace       used 118394K, committed 119488K, reserved 1179648K
  class space    used 16504K, committed 17024K, reserved 1048576K
}
Event: 54.796 GC heap after
{Heap after GC invocations=62 (full 0):
 garbage-first heap   total 368640K, used 171839K [0x0000000600000000, 0x0000000800000000)
  region size 4096K, 3 young (12288K), 3 survivors (12288K)
 Metaspace       used 118394K, committed 119488K, reserved 1179648K
  class space    used 16504K, committed 17024K, reserved 1048576K
}
Event: 55.651 GC heap before
{Heap before GC invocations=62 (full 0):
 garbage-first heap   total 368640K, used 294719K [0x0000000600000000, 0x0000000800000000)
  region size 4096K, 33 young (135168K), 3 survivors (12288K)
 Metaspace       used 118818K, committed 119936K, reserved 1179648K
  class space    used 16525K, committed 17088K, reserved 1048576K
}
Event: 55.665 GC heap after
{Heap after GC invocations=63 (full 0):
 garbage-first heap   total 368640K, used 179417K [0x0000000600000000, 0x0000000800000000)
  region size 4096K, 5 young (20480K), 5 survivors (20480K)
 Metaspace       used 118818K, committed 119936K, reserved 1179648K
  class space    used 16525K, committed 17088K, reserved 1048576K
}
Event: 57.377 GC heap before
{Heap before GC invocations=63 (full 0):
 garbage-first heap   total 368640K, used 298201K [0x0000000600000000, 0x0000000800000000)
  region size 4096K, 34 young (139264K), 5 survivors (20480K)
 Metaspace       used 119235K, committed 120384K, reserved 1179648K
  class space    used 16541K, committed 17088K, reserved 1048576K
}
Event: 57.387 GC heap after
{Heap after GC invocations=64 (full 0):
 garbage-first heap   total 368640K, used 170195K [0x0000000600000000, 0x0000000800000000)
  region size 4096K, 2 young (8192K), 2 survivors (8192K)
 Metaspace       used 119235K, committed 120384K, reserved 1179648K
  class space    used 16541K, committed 17088K, reserved 1048576K
}
Event: 58.410 GC heap before
{Heap before GC invocations=64 (full 0):
 garbage-first heap   total 368640K, used 301267K [0x0000000600000000, 0x0000000800000000)
  region size 4096K, 34 young (139264K), 2 survivors (8192K)
 Metaspace       used 119515K, committed 120704K, reserved 1179648K
  class space    used 16550K, committed 17152K, reserved 1048576K
}
Event: 58.421 GC heap after
{Heap after GC invocations=65 (full 0):
 garbage-first heap   total 368640K, used 175999K [0x0000000600000000, 0x0000000800000000)
  region size 4096K, 3 young (12288K), 3 survivors (12288K)
 Metaspace       used 119515K, committed 120704K, reserved 1179648K
  class space    used 16550K, committed 17152K, reserved 1048576K
}
Event: 59.489 GC heap before
{Heap before GC invocations=65 (full 0):
 garbage-first heap   total 368640K, used 298879K [0x0000000600000000, 0x0000000800000000)
  region size 4096K, 34 young (139264K), 3 survivors (12288K)
 Metaspace       used 119862K, committed 121024K, reserved 1179648K
  class space    used 16569K, committed 17152K, reserved 1048576K
}
Event: 59.507 GC heap after
{Heap after GC invocations=66 (full 0):
 garbage-first heap   total 368640K, used 185982K [0x0000000600000000, 0x0000000800000000)
  region size 4096K, 5 young (20480K), 5 survivors (20480K)
 Metaspace       used 119862K, committed 121024K, reserved 1179648K
  class space    used 16569K, committed 17152K, reserved 1048576K
}
Event: 61.014 GC heap before
{Heap before GC invocations=66 (full 0):
 garbage-first heap   total 368640K, used 304766K [0x0000000600000000, 0x0000000800000000)
  region size 4096K, 34 young (139264K), 5 survivors (20480K)
 Metaspace       used 120273K, committed 121536K, reserved 1179648K
  class space    used 16612K, committed 17216K, reserved 1048576K
}
Event: 61.040 GC heap after
{Heap after GC invocations=67 (full 0):
 garbage-first heap   total 557056K, used 197322K [0x0000000600000000, 0x0000000800000000)
  region size 4096K, 4 young (16384K), 4 survivors (16384K)
 Metaspace       used 120273K, committed 121536K, reserved 1179648K
  class space    used 16612K, committed 17216K, reserved 1048576K
}
Event: 64.431 GC heap before
{Heap before GC invocations=67 (full 0):
 garbage-first heap   total 557056K, used 426698K [0x0000000600000000, 0x0000000800000000)
  region size 4096K, 60 young (245760K), 4 survivors (16384K)
 Metaspace       used 120842K, committed 122240K, reserved 1179648K
  class space    used 16651K, committed 17344K, reserved 1048576K
}
Event: 64.437 GC heap after
{Heap after GC invocations=68 (full 0):
 garbage-first heap   total 557056K, used 191779K [0x0000000600000000, 0x0000000800000000)
  region size 4096K, 2 young (8192K), 2 survivors (8192K)
 Metaspace       used 120842K, committed 122240K, reserved 1179648K
  class space    used 16651K, committed 17344K, reserved 1048576K
}
Event: 67.221 GC heap before
{Heap before GC invocations=68 (full 0):
 garbage-first heap   total 557056K, used 462115K [0x0000000600000000, 0x0000000800000000)
  region size 4096K, 69 young (282624K), 2 survivors (8192K)
 Metaspace       used 122122K, committed 123456K, reserved 1179648K
  class space    used 16768K, committed 17408K, reserved 1048576K
}
Event: 67.245 GC heap after
{Heap after GC invocations=69 (full 0):
 garbage-first heap   total 557056K, used 207065K [0x0000000600000000, 0x0000000800000000)
  region size 4096K, 6 young (24576K), 6 survivors (24576K)
 Metaspace       used 122122K, committed 123456K, reserved 1179648K
  class space    used 16768K, committed 17408K, reserved 1048576K
}

