# JRE version: Java(TM) SE Runtime Environment (17.0.14+8) (build 17.0.14+8-LTS-191)
# Java VM: Java HotSpot(TM) 64-Bit Server VM (17.0.14+8-LTS-191, mixed mode, sharing, tiered, compressed oops, compressed class ptrs, g1 gc, windows-amd64)
GC Precious Log:
 CPUs: 8 total, 8 available
 Memory: 8071M
 Large Page Support: Disabled
 NUMA Support: Disabled
 Compressed Oops: Enabled (Zero based)
 Heap Region Size: 4M
 Heap Min Capacity: 8M
 Heap Initial Capacity: 128M
 Heap Max Capacity: 8G
 Pre-touch: Disabled
 Parallel Workers: 8
 Concurrent Workers: 2
 Concurrent Refinement Workers: 8
 Periodic GC: Disabled
Heap:
 garbage-first heap   total 491520K, used 212162K [0x0000000600000000, 0x0000000800000000)
  region size 4096K, 14 young (57344K), 7 survivors (28672K)
 Metaspace       used 115724K, committed 117120K, reserved 1179648K
  class space    used 16058K, committed 16768K, reserved 1048576K
GC Heap History (20 events):
Event: 30.933 GC heap before
{Heap before GC invocations=50 (full 0):
 garbage-first heap   total 217088K, used 174720K [0x0000000600000000, 0x0000000800000000)
  region size 4096K, 15 young (61440K), 1 survivors (4096K)
 Metaspace       used 99679K, committed 100608K, reserved 1179648K
  class space    used 14011K, committed 14464K, reserved 1048576K
}
Event: 30.940 GC heap after
{Heap after GC invocations=51 (full 0):
 garbage-first heap   total 217088K, used 120815K [0x0000000600000000, 0x0000000800000000)
  region size 4096K, 2 young (8192K), 2 survivors (8192K)
 Metaspace       used 99679K, committed 100608K, reserved 1179648K
  class space    used 14011K, committed 14464K, reserved 1048576K
}
Event: 31.403 GC heap before
{Heap before GC invocations=52 (full 0):
 garbage-first heap   total 245760K, used 174063K [0x0000000600000000, 0x0000000800000000)
  region size 4096K, 15 young (61440K), 2 survivors (8192K)
 Metaspace       used 99695K, committed 100672K, reserved 1179648K
  class space    used 14011K, committed 14464K, reserved 1048576K
}
Event: 31.412 GC heap after
{Heap after GC invocations=53 (full 0):
 garbage-first heap   total 245760K, used 124157K [0x0000000600000000, 0x0000000800000000)
  region size 4096K, 2 young (8192K), 2 survivors (8192K)
 Metaspace       used 99695K, committed 100672K, reserved 1179648K
  class space    used 14011K, committed 14464K, reserved 1048576K
}
Event: 31.431 GC heap before
{Heap before GC invocations=53 (full 0):
 garbage-first heap   total 245760K, used 128253K [0x0000000600000000, 0x0000000800000000)
  region size 4096K, 3 young (12288K), 2 survivors (8192K)
 Metaspace       used 99695K, committed 100672K, reserved 1179648K
  class space    used 14011K, committed 14464K, reserved 1048576K
}
Event: 31.439 GC heap after
{Heap after GC invocations=54 (full 0):
 garbage-first heap   total 245760K, used 123790K [0x0000000600000000, 0x0000000800000000)
  region size 4096K, 1 young (4096K), 1 survivors (4096K)
 Metaspace       used 99695K, committed 100672K, reserved 1179648K
  class space    used 14011K, committed 14464K, reserved 1048576K
}
Event: 32.142 GC heap before
{Heap before GC invocations=54 (full 0):
 garbage-first heap   total 245760K, used 197518K [0x0000000600000000, 0x0000000800000000)
  region size 4096K, 20 young (81920K), 1 survivors (4096K)
 Metaspace       used 100599K, committed 101632K, reserved 1179648K
  class space    used 14163K, committed 14656K, reserved 1048576K
}
Event: 32.151 GC heap after
{Heap after GC invocations=55 (full 0):
 garbage-first heap   total 495616K, used 132938K [0x0000000600000000, 0x0000000800000000)
  region size 4096K, 3 young (12288K), 3 survivors (12288K)
 Metaspace       used 100599K, committed 101632K, reserved 1179648K
  class space    used 14163K, committed 14656K, reserved 1048576K
}
Event: 35.411 GC heap before
{Heap before GC invocations=56 (full 0):
 garbage-first heap   total 491520K, used 395082K [0x0000000600000000, 0x0000000800000000)
  region size 4096K, 67 young (274432K), 3 survivors (12288K)
 Metaspace       used 105579K, committed 106688K, reserved 1179648K
  class space    used 14873K, committed 15424K, reserved 1048576K
}
Event: 35.433 GC heap after
{Heap after GC invocations=57 (full 0):
 garbage-first heap   total 491520K, used 152218K [0x0000000600000000, 0x0000000800000000)
  region size 4096K, 8 young (32768K), 8 survivors (32768K)
 Metaspace       used 105579K, committed 106688K, reserved 1179648K
  class space    used 14873K, committed 15424K, reserved 1048576K
}
Event: 35.491 GC heap before
{Heap before GC invocations=57 (full 0):
 garbage-first heap   total 491520K, used 156314K [0x0000000600000000, 0x0000000800000000)
  region size 4096K, 9 young (36864K), 8 survivors (32768K)
 Metaspace       used 105720K, committed 106816K, reserved 1179648K
  class space    used 14891K, committed 15424K, reserved 1048576K
}
Event: 35.515 GC heap after
{Heap after GC invocations=58 (full 0):
 garbage-first heap   total 491520K, used 153830K [0x0000000600000000, 0x0000000800000000)
  region size 4096K, 1 young (4096K), 1 survivors (4096K)
 Metaspace       used 105720K, committed 106816K, reserved 1179648K
  class space    used 14891K, committed 15424K, reserved 1048576K
}
Event: 38.467 GC heap before
{Heap before GC invocations=58 (full 0):
 garbage-first heap   total 491520K, used 366822K [0x0000000600000000, 0x0000000800000000)
  region size 4096K, 53 young (217088K), 1 survivors (4096K)
 Metaspace       used 112913K, committed 114112K, reserved 1179648K
  class space    used 15842K, committed 16448K, reserved 1048576K
}
Event: 38.480 GC heap after
{Heap after GC invocations=59 (full 0):
 garbage-first heap   total 491520K, used 162899K [0x0000000600000000, 0x0000000800000000)
  region size 4096K, 4 young (16384K), 4 survivors (16384K)
 Metaspace       used 112913K, committed 114112K, reserved 1179648K
  class space    used 15842K, committed 16448K, reserved 1048576K
}
Event: 40.460 GC heap before
{Heap before GC invocations=59 (full 0):
 garbage-first heap   total 491520K, used 375891K [0x0000000600000000, 0x0000000800000000)
  region size 4096K, 56 young (229376K), 4 survivors (16384K)
 Metaspace       used 113578K, committed 114816K, reserved 1179648K
  class space    used 15869K, committed 16512K, reserved 1048576K
}
Event: 40.483 GC heap after
{Heap after GC invocations=60 (full 0):
 garbage-first heap   total 491520K, used 178785K [0x0000000600000000, 0x0000000800000000)
  region size 4096K, 7 young (28672K), 7 survivors (28672K)
 Metaspace       used 113578K, committed 114816K, reserved 1179648K
  class space    used 15869K, committed 16512K, reserved 1048576K
}
Event: 43.486 GC heap before
{Heap before GC invocations=60 (full 0):
 garbage-first heap   total 491520K, used 387681K [0x0000000600000000, 0x0000000800000000)
  region size 4096K, 58 young (237568K), 7 survivors (28672K)
 Metaspace       used 114221K, committed 115456K, reserved 1179648K
  class space    used 15911K, committed 16576K, reserved 1048576K
}
Event: 43.508 GC heap after
{Heap after GC invocations=61 (full 0):
 garbage-first heap   total 491520K, used 172857K [0x0000000600000000, 0x0000000800000000)
  region size 4096K, 4 young (16384K), 4 survivors (16384K)
 Metaspace       used 114221K, committed 115456K, reserved 1179648K
  class space    used 15911K, committed 16576K, reserved 1048576K
}
Event: 45.796 GC heap before
{Heap before GC invocations=61 (full 0):
 garbage-first heap   total 491520K, used 381753K [0x0000000600000000, 0x0000000800000000)
  region size 4096K, 56 young (229376K), 4 survivors (16384K)
 Metaspace       used 115616K, committed 116928K, reserved 1179648K
  class space    used 16053K, committed 16704K, reserved 1048576K
}
Event: 45.820 GC heap after
{Heap after GC invocations=62 (full 0):
 garbage-first heap   total 491520K, used 187586K [0x0000000600000000, 0x0000000800000000)
  region size 4096K, 7 young (28672K), 7 survivors (28672K)
 Metaspace       used 115616K, committed 116928K, reserved 1179648K
  class space    used 16053K, committed 16704K, reserved 1048576K
}

