# JRE version: Java(TM) SE Runtime Environment (17.0.14+8) (build 17.0.14+8-LTS-191)
# Java VM: Java HotSpot(TM) 64-Bit Server VM (17.0.14+8-LTS-191, mixed mode, sharing, tiered, compressed oops, compressed class ptrs, g1 gc, windows-amd64)
GC Precious Log:
 CPUs: 8 total, 8 available
 Memory: 8071M
 Large Page Support: Disabled
 NUMA Support: Disabled
 Compressed Oops: Enabled (Zero based)
 Heap Region Size: 4M
 Heap Min Capacity: 8M
 Heap Initial Capacity: 128M
 Heap Max Capacity: 8G
 Pre-touch: Disabled
 Parallel Workers: 8
 Concurrent Workers: 2
 Concurrent Refinement Workers: 8
 Periodic GC: Disabled
Heap:
 garbage-first heap   total 1093632K, used 561145K [0x0000000600000000, 0x0000000800000000)
  region size 4096K, 77 young (315392K), 9 survivors (36864K)
 Metaspace       used 184149K, committed 185920K, reserved 1245184K
  class space    used 23814K, committed 24640K, reserved 1048576K
GC Heap History (20 events):
Event: 140.858 GC heap before
{Heap before GC invocations=68 (full 0):
 garbage-first heap   total 466944K, used 247063K [0x0000000600000000, 0x0000000800000000)
  region size 4096K, 5 young (20480K), 3 survivors (12288K)
 Metaspace       used 151732K, committed 153280K, reserved 1245184K
  class space    used 20644K, committed 21376K, reserved 1048576K
}
Event: 140.941 GC heap after
{Heap after GC invocations=69 (full 0):
 garbage-first heap   total 466944K, used 217948K [0x0000000600000000, 0x0000000800000000)
  region size 4096K, 1 young (4096K), 1 survivors (4096K)
 Metaspace       used 151732K, committed 153280K, reserved 1245184K
  class space    used 20644K, committed 21376K, reserved 1048576K
}
Event: 152.264 GC heap before
{Heap before GC invocations=69 (full 0):
 garbage-first heap   total 466944K, used 373596K [0x0000000600000000, 0x0000000800000000)
  region size 4096K, 39 young (159744K), 1 survivors (4096K)
 Metaspace       used 167376K, committed 168896K, reserved 1245184K
  class space    used 22309K, committed 23040K, reserved 1048576K
}
Event: 152.287 GC heap after
{Heap after GC invocations=70 (full 0):
 garbage-first heap   total 466944K, used 226005K [0x0000000600000000, 0x0000000800000000)
  region size 4096K, 3 young (12288K), 3 survivors (12288K)
 Metaspace       used 167376K, committed 168896K, reserved 1245184K
  class space    used 22309K, committed 23040K, reserved 1048576K
}
Event: 160.094 GC heap before
{Heap before GC invocations=71 (full 0):
 garbage-first heap   total 466944K, used 373461K [0x0000000600000000, 0x0000000800000000)
  region size 4096K, 39 young (159744K), 3 survivors (12288K)
 Metaspace       used 175215K, committed 176832K, reserved 1245184K
  class space    used 23091K, committed 23872K, reserved 1048576K
}
Event: 160.162 GC heap after
{Heap after GC invocations=72 (full 0):
 garbage-first heap   total 466944K, used 245913K [0x0000000600000000, 0x0000000800000000)
  region size 4096K, 5 young (20480K), 5 survivors (20480K)
 Metaspace       used 175215K, committed 176832K, reserved 1245184K
  class space    used 23091K, committed 23872K, reserved 1048576K
}
Event: 160.201 GC heap before
{Heap before GC invocations=72 (full 0):
 garbage-first heap   total 466944K, used 250009K [0x0000000600000000, 0x0000000800000000)
  region size 4096K, 6 young (24576K), 5 survivors (20480K)
 Metaspace       used 175215K, committed 176832K, reserved 1245184K
  class space    used 23091K, committed 23872K, reserved 1048576K
}
Event: 160.256 GC heap after
{Heap after GC invocations=73 (full 0):
 garbage-first heap   total 466944K, used 247692K [0x0000000600000000, 0x0000000800000000)
  region size 4096K, 1 young (4096K), 1 survivors (4096K)
 Metaspace       used 175215K, committed 176832K, reserved 1245184K
  class space    used 23091K, committed 23872K, reserved 1048576K
}
Event: 162.336 GC heap before
{Heap before GC invocations=73 (full 0):
 garbage-first heap   total 466944K, used 370572K [0x0000000600000000, 0x0000000800000000)
  region size 4096K, 31 young (126976K), 1 survivors (4096K)
 Metaspace       used 175298K, committed 176896K, reserved 1245184K
  class space    used 23099K, committed 23872K, reserved 1048576K
}
Event: 162.369 GC heap after
{Heap after GC invocations=74 (full 0):
 garbage-first heap   total 466944K, used 260623K [0x0000000600000000, 0x0000000800000000)
  region size 4096K, 4 young (16384K), 4 survivors (16384K)
 Metaspace       used 175298K, committed 176896K, reserved 1245184K
  class space    used 23099K, committed 23872K, reserved 1048576K
}
Event: 165.974 GC heap before
{Heap before GC invocations=74 (full 0):
 garbage-first heap   total 466944K, used 371215K [0x0000000600000000, 0x0000000800000000)
  region size 4096K, 32 young (131072K), 4 survivors (16384K)
 Metaspace       used 175428K, committed 177024K, reserved 1245184K
  class space    used 23099K, committed 23872K, reserved 1048576K
}
Event: 166.024 GC heap after
{Heap after GC invocations=75 (full 0):
 garbage-first heap   total 466944K, used 267506K [0x0000000600000000, 0x0000000800000000)
  region size 4096K, 3 young (12288K), 3 survivors (12288K)
 Metaspace       used 175428K, committed 177024K, reserved 1245184K
  class space    used 23099K, committed 23872K, reserved 1048576K
}
Event: 169.551 GC heap before
{Heap before GC invocations=75 (full 0):
 garbage-first heap   total 466944K, used 374002K [0x0000000600000000, 0x0000000800000000)
  region size 4096K, 29 young (118784K), 3 survivors (12288K)
 Metaspace       used 175542K, committed 177152K, reserved 1245184K
  class space    used 23099K, committed 23872K, reserved 1048576K
}
Event: 169.581 GC heap after
{Heap after GC invocations=76 (full 0):
 garbage-first heap   total 1093632K, used 272749K [0x0000000600000000, 0x0000000800000000)
  region size 4096K, 4 young (16384K), 4 survivors (16384K)
 Metaspace       used 175542K, committed 177152K, reserved 1245184K
  class space    used 23099K, committed 23872K, reserved 1048576K
}
Event: 183.285 GC heap before
{Heap before GC invocations=76 (full 0):
 garbage-first heap   total 1093632K, used 837997K [0x0000000600000000, 0x0000000800000000)
  region size 4096K, 142 young (581632K), 4 survivors (16384K)
 Metaspace       used 179612K, committed 181184K, reserved 1245184K
  class space    used 23485K, committed 24256K, reserved 1048576K
}
Event: 183.310 GC heap after
{Heap after GC invocations=77 (full 0):
 garbage-first heap   total 1093632K, used 275902K [0x0000000600000000, 0x0000000800000000)
  region size 4096K, 5 young (20480K), 5 survivors (20480K)
 Metaspace       used 179612K, committed 181184K, reserved 1245184K
  class space    used 23485K, committed 24256K, reserved 1048576K
}
Event: 186.215 GC heap before
{Heap before GC invocations=77 (full 0):
 garbage-first heap   total 1093632K, used 890302K [0x0000000600000000, 0x0000000800000000)
  region size 4096K, 155 young (634880K), 5 survivors (20480K)
 Metaspace       used 179613K, committed 181184K, reserved 1245184K
  class space    used 23485K, committed 24256K, reserved 1048576K
}
Event: 186.230 GC heap after
{Heap after GC invocations=78 (full 0):
 garbage-first heap   total 1093632K, used 275076K [0x0000000600000000, 0x0000000800000000)
  region size 4096K, 4 young (16384K), 4 survivors (16384K)
 Metaspace       used 179613K, committed 181184K, reserved 1245184K
  class space    used 23485K, committed 24256K, reserved 1048576K
}
Event: 192.960 GC heap before
{Heap before GC invocations=78 (full 0):
 garbage-first heap   total 1093632K, used 922244K [0x0000000600000000, 0x0000000800000000)
  region size 4096K, 160 young (655360K), 4 survivors (16384K)
 Metaspace       used 183463K, committed 185152K, reserved 1245184K
  class space    used 23718K, committed 24512K, reserved 1048576K
}
Event: 192.997 GC heap after
{Heap after GC invocations=79 (full 0):
 garbage-first heap   total 1093632K, used 286713K [0x0000000600000000, 0x0000000800000000)
  region size 4096K, 9 young (36864K), 9 survivors (36864K)
 Metaspace       used 183463K, committed 185152K, reserved 1245184K
  class space    used 23718K, committed 24512K, reserved 1048576K
}

